========================================
G-Equation Level-Set Solver 3D (MPI)
========================================

MPI Configuration:
  Number of processes: 4
  Domain decomposition: 1D in Y direction

Simulation Parameters:
  Grid size: 101 x 101 x 101
  dx: 1.000000e-02, dy: 1.000000e-02, dz: 1.000000e-02
  dt: 2.000000e-03
  Final time: 1.0000
  CFL: 0.20
  Velocity: u=1.00, v=0.00, w=0.00
  Flame speed (S_L): 0.00
  Reinitialization: Disabled

Test case: Sphere Advection
Initial interface volume: 0.014043


Final Results:
  L2 Error: 3.137885e-02
  Shape Error: 3.062024e-03
  Initial Volume: 0.014043
  Final Volume: 0.014086
  Volume Change: 0.306202%

Timing Results:
  Total steps: 500
  Wall time: 18.542 s
  Time per step: 37.085 ms
  Processes: 4
========================================
